# JRE version: Java(TM) SE Runtime Environment (17.0.2+8) (build 17.0.2+8-LTS-86)
# Java VM: Java HotSpot(TM) 64-Bit Server VM (17.0.2+8-LTS-86, mixed mode, sharing, tiered, compressed oops, compressed class ptrs, g1 gc, windows-amd64)
GC Precious Log:
 CPUs: 8 total, 8 available
 Memory: 5877M
 Large Page Support: Disabled
 NUMA Support: Disabled
 Compressed Oops: Enabled (32-bit)
 Heap Region Size: 1M
 Heap Min Capacity: 8M
 Heap Initial Capacity: 92M
 Heap Max Capacity: 1470M
 Pre-touch: Disabled
 Parallel Workers: 8
 Concurrent Workers: 2
 Concurrent Refinement Workers: 8
 Periodic GC: Disabled
Heap:
 garbage-first heap   total 223232K, used 61946K [0x00000000a4200000, 0x0000000100000000)
  region size 1024K, 2 young (2048K), 2 survivors (2048K)
 Metaspace       used 98884K, committed 99712K, reserved 1138688K
  class space    used 12713K, committed 13184K, reserved 1048576K
GC Heap History (20 events):
Event: 966.097 GC heap after
{Heap after GC invocations=49 (full 0):
 garbage-first heap   total 222208K, used 61695K [0x00000000a4200000, 0x0000000100000000)
  region size 1024K, 2 young (2048K), 2 survivors (2048K)
 Metaspace       used 97227K, committed 98048K, reserved 1138688K
  class space    used 12727K, committed 13120K, reserved 1048576K
}
Event: 1032.557 GC heap before
{Heap before GC invocations=49 (full 0):
 garbage-first heap   total 222208K, used 189695K [0x00000000a4200000, 0x0000000100000000)
  region size 1024K, 128 young (131072K), 2 survivors (2048K)
 Metaspace       used 97616K, committed 98432K, reserved 1138688K
  class space    used 12730K, committed 13120K, reserved 1048576K
}
Event: 1032.648 GC heap after
{Heap after GC invocations=50 (full 0):
 garbage-first heap   total 222208K, used 62149K [0x00000000a4200000, 0x0000000100000000)
  region size 1024K, 2 young (2048K), 2 survivors (2048K)
 Metaspace       used 97616K, committed 98432K, reserved 1138688K
  class space    used 12730K, committed 13120K, reserved 1048576K
}
Event: 1133.470 GC heap before
{Heap before GC invocations=51 (full 0):
 garbage-first heap   total 222208K, used 193221K [0x00000000a4200000, 0x0000000100000000)
  region size 1024K, 130 young (133120K), 2 survivors (2048K)
 Metaspace       used 98145K, committed 99008K, reserved 1138688K
  class space    used 12768K, committed 13184K, reserved 1048576K
}
Event: 1133.532 GC heap after
{Heap after GC invocations=52 (full 0):
 garbage-first heap   total 222208K, used 62746K [0x00000000a4200000, 0x0000000100000000)
  region size 1024K, 3 young (3072K), 3 survivors (3072K)
 Metaspace       used 98145K, committed 99008K, reserved 1138688K
  class space    used 12768K, committed 13184K, reserved 1048576K
}
Event: 1133.657 GC heap before
{Heap before GC invocations=52 (full 0):
 garbage-first heap   total 222208K, used 69914K [0x00000000a4200000, 0x0000000100000000)
  region size 1024K, 10 young (10240K), 3 survivors (3072K)
 Metaspace       used 98150K, committed 99008K, reserved 1138688K
  class space    used 12768K, committed 13184K, reserved 1048576K
}
Event: 1133.696 GC heap after
{Heap after GC invocations=53 (full 0):
 garbage-first heap   total 222208K, used 62429K [0x00000000a4200000, 0x0000000100000000)
  region size 1024K, 1 young (1024K), 1 survivors (1024K)
 Metaspace       used 98150K, committed 99008K, reserved 1138688K
  class space    used 12768K, committed 13184K, reserved 1048576K
}
Event: 1859.729 GC heap before
{Heap before GC invocations=53 (full 0):
 garbage-first heap   total 222208K, used 191453K [0x00000000a4200000, 0x0000000100000000)
  region size 1024K, 128 young (131072K), 1 survivors (1024K)
 Metaspace       used 98455K, committed 99328K, reserved 1138688K
  class space    used 12772K, committed 13184K, reserved 1048576K
}
Event: 1859.801 GC heap after
{Heap after GC invocations=54 (full 0):
 garbage-first heap   total 222208K, used 63558K [0x00000000a4200000, 0x0000000100000000)
  region size 1024K, 2 young (2048K), 2 survivors (2048K)
 Metaspace       used 98455K, committed 99328K, reserved 1138688K
  class space    used 12772K, committed 13184K, reserved 1048576K
}
Event: 2036.902 GC heap before
{Heap before GC invocations=55 (full 0):
 garbage-first heap   total 222208K, used 191558K [0x00000000a4200000, 0x0000000100000000)
  region size 1024K, 128 young (131072K), 2 survivors (2048K)
 Metaspace       used 98239K, committed 99328K, reserved 1138688K
  class space    used 12689K, committed 13184K, reserved 1048576K
}
Event: 2036.950 GC heap after
{Heap after GC invocations=56 (full 0):
 garbage-first heap   total 222208K, used 63541K [0x00000000a4200000, 0x0000000100000000)
  region size 1024K, 2 young (2048K), 2 survivors (2048K)
 Metaspace       used 98239K, committed 99328K, reserved 1138688K
  class space    used 12689K, committed 13184K, reserved 1048576K
}
Event: 2040.424 GC heap before
{Heap before GC invocations=56 (full 0):
 garbage-first heap   total 222208K, used 71733K [0x00000000a4200000, 0x0000000100000000)
  region size 1024K, 10 young (10240K), 2 survivors (2048K)
 Metaspace       used 98249K, committed 99328K, reserved 1138688K
  class space    used 12689K, committed 13184K, reserved 1048576K
}
Event: 2040.493 GC heap after
{Heap after GC invocations=57 (full 0):
 garbage-first heap   total 222208K, used 62297K [0x00000000a4200000, 0x0000000100000000)
  region size 1024K, 1 young (1024K), 1 survivors (1024K)
 Metaspace       used 98249K, committed 99328K, reserved 1138688K
  class space    used 12689K, committed 13184K, reserved 1048576K
}
Event: 2070.628 GC heap before
{Heap before GC invocations=57 (full 0):
 garbage-first heap   total 222208K, used 193369K [0x00000000a4200000, 0x0000000100000000)
  region size 1024K, 129 young (132096K), 1 survivors (1024K)
 Metaspace       used 98474K, committed 99392K, reserved 1138688K
  class space    used 12691K, committed 13184K, reserved 1048576K
}
Event: 2070.650 GC heap after
{Heap after GC invocations=58 (full 0):
 garbage-first heap   total 222208K, used 62236K [0x00000000a4200000, 0x0000000100000000)
  region size 1024K, 1 young (1024K), 1 survivors (1024K)
 Metaspace       used 98474K, committed 99392K, reserved 1138688K
  class space    used 12691K, committed 13184K, reserved 1048576K
}
Event: 2223.894 GC heap before
{Heap before GC invocations=59 (full 0):
 garbage-first heap   total 222208K, used 193308K [0x00000000a4200000, 0x0000000100000000)
  region size 1024K, 130 young (133120K), 1 survivors (1024K)
 Metaspace       used 98638K, committed 99520K, reserved 1138688K
  class space    used 12692K, committed 13184K, reserved 1048576K
}
Event: 2223.958 GC heap after
{Heap after GC invocations=60 (full 0):
 garbage-first heap   total 222208K, used 62210K [0x00000000a4200000, 0x0000000100000000)
  region size 1024K, 1 young (1024K), 1 survivors (1024K)
 Metaspace       used 98638K, committed 99520K, reserved 1138688K
  class space    used 12692K, committed 13184K, reserved 1048576K
}
Event: 2224.096 GC heap before
{Heap before GC invocations=60 (full 0):
 garbage-first heap   total 222208K, used 71426K [0x00000000a4200000, 0x0000000100000000)
  region size 1024K, 10 young (10240K), 1 survivors (1024K)
 Metaspace       used 98639K, committed 99520K, reserved 1138688K
  class space    used 12692K, committed 13184K, reserved 1048576K
}
Event: 2224.203 GC heap after
{Heap after GC invocations=61 (full 0):
 garbage-first heap   total 222208K, used 60941K [0x00000000a4200000, 0x0000000100000000)
  region size 1024K, 1 young (1024K), 1 survivors (1024K)
 Metaspace       used 98639K, committed 99520K, reserved 1138688K
  class space    used 12692K, committed 13184K, reserved 1048576K
}
Event: 2374.654 GC heap before
{Heap before GC invocations=61 (full 0):
 garbage-first heap   total 222208K, used 192013K [0x00000000a4200000, 0x0000000100000000)
  region size 1024K, 130 young (133120K), 1 survivors (1024K)
 Metaspace       used 98884K, committed 99712K, reserved 1138688K
  class space    used 12713K, committed 13184K, reserved 1048576K
}

