# JRE version: OpenJDK Runtime Environment Temurin-17.0.12+7 (17.0.12+7) (build 17.0.12+7)
# Java VM: OpenJDK 64-Bit Server VM Temurin-17.0.12+7 (17.0.12+7, mixed mode, tiered, compressed oops, compressed class ptrs, parallel gc, windows-amd64)
GC Precious Log:
 CPUs: 8 total, 8 available
 Memory: 5877M
 Large Page Support: Disabled
 NUMA Support: Disabled
 Compressed Oops: Enabled (32-bit)
 Alignments: Space 512K, Generation 512K, Heap 2M
 Heap Min Capacity: 100M
 Heap Initial Capacity: 100M
 Heap Max Capacity: 1G
 Pre-touch: Disabled
 Parallel Workers: 8
Heap:
 PSYoungGen      total 23040K, used 5712K [0x00000000eab00000, 0x00000000ec480000, 0x0000000100000000)
  eden space 22016K, 21% used [0x00000000eab00000,0x00000000eaf9b660,0x00000000ec080000)
  from space 1024K, 97% used [0x00000000ec380000,0x00000000ec478af8,0x00000000ec480000)
  to   space 2048K, 0% used [0x00000000ec080000,0x00000000ec080000,0x00000000ec280000)
 ParOldGen       total 68608K, used 31112K [0x00000000c0000000, 0x00000000c4300000, 0x00000000eab00000)
  object space 68608K, 45% used [0x00000000c0000000,0x00000000c1e62318,0x00000000c4300000)
 Metaspace       used 48356K, committed 49152K, reserved 1114112K
  class space    used 4826K, committed 5184K, reserved 1048576K
GC Heap History (20 events):
Event: 16.012 GC heap before
{Heap before GC invocations=15 (full 2):
 PSYoungGen      total 24576K, used 24561K [0x00000000eab00000, 0x00000000ec900000, 0x0000000100000000)
  eden space 22528K, 100% used [0x00000000eab00000,0x00000000ec100000,0x00000000ec100000)
  from space 2048K, 99% used [0x00000000ec500000,0x00000000ec6fc440,0x00000000ec700000)
  to   space 4096K, 0% used [0x00000000ec100000,0x00000000ec100000,0x00000000ec500000)
 ParOldGen       total 68608K, used 15109K [0x00000000c0000000, 0x00000000c4300000, 0x00000000eab00000)
  object space 68608K, 22% used [0x00000000c0000000,0x00000000c0ec16d8,0x00000000c4300000)
 Metaspace       used 39283K, committed 40064K, reserved 1114112K
  class space    used 3947K, committed 4288K, reserved 1048576K
}
Event: 16.017 GC heap after
{Heap after GC invocations=15 (full 2):
 PSYoungGen      total 24576K, used 2338K [0x00000000eab00000, 0x00000000ec680000, 0x0000000100000000)
  eden space 22016K, 0% used [0x00000000eab00000,0x00000000eab00000,0x00000000ec080000)
  from space 2560K, 91% used [0x00000000ec100000,0x00000000ec348800,0x00000000ec380000)
  to   space 3072K, 0% used [0x00000000ec380000,0x00000000ec380000,0x00000000ec680000)
 ParOldGen       total 68608K, used 17117K [0x00000000c0000000, 0x00000000c4300000, 0x00000000eab00000)
  object space 68608K, 24% used [0x00000000c0000000,0x00000000c10b7728,0x00000000c4300000)
 Metaspace       used 39283K, committed 40064K, reserved 1114112K
  class space    used 3947K, committed 4288K, reserved 1048576K
}
Event: 16.139 GC heap before
{Heap before GC invocations=16 (full 2):
 PSYoungGen      total 24576K, used 24354K [0x00000000eab00000, 0x00000000ec680000, 0x0000000100000000)
  eden space 22016K, 100% used [0x00000000eab00000,0x00000000ec080000,0x00000000ec080000)
  from space 2560K, 91% used [0x00000000ec100000,0x00000000ec348800,0x00000000ec380000)
  to   space 3072K, 0% used [0x00000000ec380000,0x00000000ec380000,0x00000000ec680000)
 ParOldGen       total 68608K, used 17117K [0x00000000c0000000, 0x00000000c4300000, 0x00000000eab00000)
  object space 68608K, 24% used [0x00000000c0000000,0x00000000c10b7728,0x00000000c4300000)
 Metaspace       used 39344K, committed 40128K, reserved 1114112K
  class space    used 3960K, committed 4288K, reserved 1048576K
}
Event: 16.145 GC heap after
{Heap after GC invocations=16 (full 2):
 PSYoungGen      total 24576K, used 2400K [0x00000000eab00000, 0x00000000ec600000, 0x0000000100000000)
  eden space 22016K, 0% used [0x00000000eab00000,0x00000000eab00000,0x00000000ec080000)
  from space 2560K, 93% used [0x00000000ec380000,0x00000000ec5d8010,0x00000000ec600000)
  to   space 2560K, 0% used [0x00000000ec100000,0x00000000ec100000,0x00000000ec380000)
 ParOldGen       total 68608K, used 19327K [0x00000000c0000000, 0x00000000c4300000, 0x00000000eab00000)
  object space 68608K, 28% used [0x00000000c0000000,0x00000000c12dff28,0x00000000c4300000)
 Metaspace       used 39344K, committed 40128K, reserved 1114112K
  class space    used 3960K, committed 4288K, reserved 1048576K
}
Event: 16.225 GC heap before
{Heap before GC invocations=17 (full 2):
 PSYoungGen      total 24576K, used 24416K [0x00000000eab00000, 0x00000000ec600000, 0x0000000100000000)
  eden space 22016K, 100% used [0x00000000eab00000,0x00000000ec080000,0x00000000ec080000)
  from space 2560K, 93% used [0x00000000ec380000,0x00000000ec5d8010,0x00000000ec600000)
  to   space 2560K, 0% used [0x00000000ec100000,0x00000000ec100000,0x00000000ec380000)
 ParOldGen       total 68608K, used 19327K [0x00000000c0000000, 0x00000000c4300000, 0x00000000eab00000)
  object space 68608K, 28% used [0x00000000c0000000,0x00000000c12dff28,0x00000000c4300000)
 Metaspace       used 39344K, committed 40128K, reserved 1114112K
  class space    used 3960K, committed 4288K, reserved 1048576K
}
Event: 16.230 GC heap after
{Heap after GC invocations=17 (full 2):
 PSYoungGen      total 24576K, used 2532K [0x00000000eab00000, 0x00000000ecb80000, 0x0000000100000000)
  eden space 22016K, 0% used [0x00000000eab00000,0x00000000eab00000,0x00000000ec080000)
  from space 2560K, 98% used [0x00000000ec100000,0x00000000ec379000,0x00000000ec380000)
  to   space 5632K, 0% used [0x00000000ec600000,0x00000000ec600000,0x00000000ecb80000)
 ParOldGen       total 68608K, used 21679K [0x00000000c0000000, 0x00000000c4300000, 0x00000000eab00000)
  object space 68608K, 31% used [0x00000000c0000000,0x00000000c152bf48,0x00000000c4300000)
 Metaspace       used 39344K, committed 40128K, reserved 1114112K
  class space    used 3960K, committed 4288K, reserved 1048576K
}
Event: 16.304 GC heap before
{Heap before GC invocations=18 (full 2):
 PSYoungGen      total 24576K, used 24548K [0x00000000eab00000, 0x00000000ecb80000, 0x0000000100000000)
  eden space 22016K, 100% used [0x00000000eab00000,0x00000000ec080000,0x00000000ec080000)
  from space 2560K, 98% used [0x00000000ec100000,0x00000000ec379000,0x00000000ec380000)
  to   space 5632K, 0% used [0x00000000ec600000,0x00000000ec600000,0x00000000ecb80000)
 ParOldGen       total 68608K, used 21679K [0x00000000c0000000, 0x00000000c4300000, 0x00000000eab00000)
  object space 68608K, 31% used [0x00000000c0000000,0x00000000c152bf48,0x00000000c4300000)
 Metaspace       used 39344K, committed 40128K, reserved 1114112K
  class space    used 3960K, committed 4288K, reserved 1048576K
}
Event: 16.311 GC heap after
{Heap after GC invocations=18 (full 2):
 PSYoungGen      total 25088K, used 2624K [0x00000000eab00000, 0x00000000ec900000, 0x0000000100000000)
  eden space 22016K, 0% used [0x00000000eab00000,0x00000000eab00000,0x00000000ec080000)
  from space 3072K, 85% used [0x00000000ec600000,0x00000000ec890010,0x00000000ec900000)
  to   space 3584K, 0% used [0x00000000ec200000,0x00000000ec200000,0x00000000ec580000)
 ParOldGen       total 68608K, used 24179K [0x00000000c0000000, 0x00000000c4300000, 0x00000000eab00000)
  object space 68608K, 35% used [0x00000000c0000000,0x00000000c179cf48,0x00000000c4300000)
 Metaspace       used 39344K, committed 40128K, reserved 1114112K
  class space    used 3960K, committed 4288K, reserved 1048576K
}
Event: 16.861 GC heap before
{Heap before GC invocations=19 (full 2):
 PSYoungGen      total 25088K, used 24640K [0x00000000eab00000, 0x00000000ec900000, 0x0000000100000000)
  eden space 22016K, 100% used [0x00000000eab00000,0x00000000ec080000,0x00000000ec080000)
  from space 3072K, 85% used [0x00000000ec600000,0x00000000ec890010,0x00000000ec900000)
  to   space 3584K, 0% used [0x00000000ec200000,0x00000000ec200000,0x00000000ec580000)
 ParOldGen       total 68608K, used 24179K [0x00000000c0000000, 0x00000000c4300000, 0x00000000eab00000)
  object space 68608K, 35% used [0x00000000c0000000,0x00000000c179cf48,0x00000000c4300000)
 Metaspace       used 41990K, committed 42816K, reserved 1114112K
  class space    used 4197K, committed 4544K, reserved 1048576K
}
Event: 16.868 GC heap after
{Heap after GC invocations=19 (full 2):
 PSYoungGen      total 25600K, used 3527K [0x00000000eab00000, 0x00000000ec880000, 0x0000000100000000)
  eden space 22016K, 0% used [0x00000000eab00000,0x00000000eab00000,0x00000000ec080000)
  from space 3584K, 98% used [0x00000000ec200000,0x00000000ec571e00,0x00000000ec580000)
  to   space 3072K, 0% used [0x00000000ec580000,0x00000000ec580000,0x00000000ec880000)
 ParOldGen       total 68608K, used 26696K [0x00000000c0000000, 0x00000000c4300000, 0x00000000eab00000)
  object space 68608K, 38% used [0x00000000c0000000,0x00000000c1a122b0,0x00000000c4300000)
 Metaspace       used 41990K, committed 42816K, reserved 1114112K
  class space    used 4197K, committed 4544K, reserved 1048576K
}
Event: 17.274 GC heap before
{Heap before GC invocations=20 (full 2):
 PSYoungGen      total 25600K, used 25543K [0x00000000eab00000, 0x00000000ec880000, 0x0000000100000000)
  eden space 22016K, 100% used [0x00000000eab00000,0x00000000ec080000,0x00000000ec080000)
  from space 3584K, 98% used [0x00000000ec200000,0x00000000ec571e00,0x00000000ec580000)
  to   space 3072K, 0% used [0x00000000ec580000,0x00000000ec580000,0x00000000ec880000)
 ParOldGen       total 68608K, used 26696K [0x00000000c0000000, 0x00000000c4300000, 0x00000000eab00000)
  object space 68608K, 38% used [0x00000000c0000000,0x00000000c1a122b0,0x00000000c4300000)
 Metaspace       used 42895K, committed 43712K, reserved 1114112K
  class space    used 4315K, committed 4672K, reserved 1048576K
}
Event: 17.278 GC heap after
{Heap after GC invocations=20 (full 2):
 PSYoungGen      total 22528K, used 466K [0x00000000eab00000, 0x00000000ec600000, 0x0000000100000000)
  eden space 22016K, 0% used [0x00000000eab00000,0x00000000eab00000,0x00000000ec080000)
  from space 512K, 91% used [0x00000000ec580000,0x00000000ec5f48b0,0x00000000ec600000)
  to   space 2048K, 0% used [0x00000000ec200000,0x00000000ec200000,0x00000000ec400000)
 ParOldGen       total 68608K, used 30016K [0x00000000c0000000, 0x00000000c4300000, 0x00000000eab00000)
  object space 68608K, 43% used [0x00000000c0000000,0x00000000c1d502f8,0x00000000c4300000)
 Metaspace       used 42895K, committed 43712K, reserved 1114112K
  class space    used 4315K, committed 4672K, reserved 1048576K
}
Event: 17.550 GC heap before
{Heap before GC invocations=21 (full 2):
 PSYoungGen      total 22528K, used 22482K [0x00000000eab00000, 0x00000000ec600000, 0x0000000100000000)
  eden space 22016K, 100% used [0x00000000eab00000,0x00000000ec080000,0x00000000ec080000)
  from space 512K, 91% used [0x00000000ec580000,0x00000000ec5f48b0,0x00000000ec600000)
  to   space 2048K, 0% used [0x00000000ec200000,0x00000000ec200000,0x00000000ec400000)
 ParOldGen       total 68608K, used 30016K [0x00000000c0000000, 0x00000000c4300000, 0x00000000eab00000)
  object space 68608K, 43% used [0x00000000c0000000,0x00000000c1d502f8,0x00000000c4300000)
 Metaspace       used 43795K, committed 44608K, reserved 1114112K
  class space    used 4387K, committed 4736K, reserved 1048576K
}
Event: 17.553 GC heap after
{Heap after GC invocations=21 (full 2):
 PSYoungGen      total 24064K, used 1504K [0x00000000eab00000, 0x00000000ec600000, 0x0000000100000000)
  eden space 22016K, 0% used [0x00000000eab00000,0x00000000eab00000,0x00000000ec080000)
  from space 2048K, 73% used [0x00000000ec200000,0x00000000ec378020,0x00000000ec400000)
  to   space 2048K, 0% used [0x00000000ec400000,0x00000000ec400000,0x00000000ec600000)
 ParOldGen       total 68608K, used 30272K [0x00000000c0000000, 0x00000000c4300000, 0x00000000eab00000)
  object space 68608K, 44% used [0x00000000c0000000,0x00000000c1d902f8,0x00000000c4300000)
 Metaspace       used 43795K, committed 44608K, reserved 1114112K
  class space    used 4387K, committed 4736K, reserved 1048576K
}
Event: 17.714 GC heap before
{Heap before GC invocations=22 (full 2):
 PSYoungGen      total 24064K, used 23520K [0x00000000eab00000, 0x00000000ec600000, 0x0000000100000000)
  eden space 22016K, 100% used [0x00000000eab00000,0x00000000ec080000,0x00000000ec080000)
  from space 2048K, 73% used [0x00000000ec200000,0x00000000ec378020,0x00000000ec400000)
  to   space 2048K, 0% used [0x00000000ec400000,0x00000000ec400000,0x00000000ec600000)
 ParOldGen       total 68608K, used 30272K [0x00000000c0000000, 0x00000000c4300000, 0x00000000eab00000)
  object space 68608K, 44% used [0x00000000c0000000,0x00000000c1d902f8,0x00000000c4300000)
 Metaspace       used 44392K, committed 45184K, reserved 1114112K
  class space    used 4443K, committed 4800K, reserved 1048576K
}
Event: 17.715 GC heap after
{Heap after GC invocations=22 (full 2):
 PSYoungGen      total 22528K, used 160K [0x00000000eab00000, 0x00000000ec480000, 0x0000000100000000)
  eden space 22016K, 0% used [0x00000000eab00000,0x00000000eab00000,0x00000000ec080000)
  from space 512K, 31% used [0x00000000ec400000,0x00000000ec428000,0x00000000ec480000)
  to   space 1024K, 0% used [0x00000000ec280000,0x00000000ec280000,0x00000000ec380000)
 ParOldGen       total 68608K, used 30464K [0x00000000c0000000, 0x00000000c4300000, 0x00000000eab00000)
  object space 68608K, 44% used [0x00000000c0000000,0x00000000c1dc02f8,0x00000000c4300000)
 Metaspace       used 44392K, committed 45184K, reserved 1114112K
  class space    used 4443K, committed 4800K, reserved 1048576K
}
Event: 18.294 GC heap before
{Heap before GC invocations=23 (full 2):
 PSYoungGen      total 22528K, used 22147K [0x00000000eab00000, 0x00000000ec480000, 0x0000000100000000)
  eden space 22016K, 99% used [0x00000000eab00000,0x00000000ec078f28,0x00000000ec080000)
  from space 512K, 31% used [0x00000000ec400000,0x00000000ec428000,0x00000000ec480000)
  to   space 1024K, 0% used [0x00000000ec280000,0x00000000ec280000,0x00000000ec380000)
 ParOldGen       total 68608K, used 30464K [0x00000000c0000000, 0x00000000c4300000, 0x00000000eab00000)
  object space 68608K, 44% used [0x00000000c0000000,0x00000000c1dc02f8,0x00000000c4300000)
 Metaspace       used 45644K, committed 46464K, reserved 1114112K
  class space    used 4568K, committed 4928K, reserved 1048576K
}
Event: 18.295 GC heap after
{Heap after GC invocations=23 (full 2):
 PSYoungGen      total 23040K, used 933K [0x00000000eab00000, 0x00000000ec480000, 0x0000000100000000)
  eden space 22016K, 0% used [0x00000000eab00000,0x00000000eab00000,0x00000000ec080000)
  from space 1024K, 91% used [0x00000000ec280000,0x00000000ec369790,0x00000000ec380000)
  to   space 1024K, 0% used [0x00000000ec380000,0x00000000ec380000,0x00000000ec480000)
 ParOldGen       total 68608K, used 30520K [0x00000000c0000000, 0x00000000c4300000, 0x00000000eab00000)
  object space 68608K, 44% used [0x00000000c0000000,0x00000000c1dce2f8,0x00000000c4300000)
 Metaspace       used 45644K, committed 46464K, reserved 1114112K
  class space    used 4568K, committed 4928K, reserved 1048576K
}
Event: 19.367 GC heap before
{Heap before GC invocations=24 (full 2):
 PSYoungGen      total 23040K, used 22949K [0x00000000eab00000, 0x00000000ec480000, 0x0000000100000000)
  eden space 22016K, 100% used [0x00000000eab00000,0x00000000ec080000,0x00000000ec080000)
  from space 1024K, 91% used [0x00000000ec280000,0x00000000ec369790,0x00000000ec380000)
  to   space 1024K, 0% used [0x00000000ec380000,0x00000000ec380000,0x00000000ec480000)
 ParOldGen       total 68608K, used 30520K [0x00000000c0000000, 0x00000000c4300000, 0x00000000eab00000)
  object space 68608K, 44% used [0x00000000c0000000,0x00000000c1dce2f8,0x00000000c4300000)
 Metaspace       used 47998K, committed 48832K, reserved 1114112K
  class space    used 4788K, committed 5184K, reserved 1048576K
}
Event: 19.368 GC heap after
{Heap after GC invocations=24 (full 2):
 PSYoungGen      total 23040K, used 994K [0x00000000eab00000, 0x00000000ec480000, 0x0000000100000000)
  eden space 22016K, 0% used [0x00000000eab00000,0x00000000eab00000,0x00000000ec080000)
  from space 1024K, 97% used [0x00000000ec380000,0x00000000ec478af8,0x00000000ec480000)
  to   space 2048K, 0% used [0x00000000ec080000,0x00000000ec080000,0x00000000ec280000)
 ParOldGen       total 68608K, used 31112K [0x00000000c0000000, 0x00000000c4300000, 0x00000000eab00000)
  object space 68608K, 45% used [0x00000000c0000000,0x00000000c1e62318,0x00000000c4300000)
 Metaspace       used 47998K, committed 48832K, reserved 1114112K
  class space    used 4788K, committed 5184K, reserved 1048576K
}

